{"D:\\Kuliah\\KULIAH\\Semester 8\\Tugas Akhir\\Backend Kafe\\frontend_web_hotel_10683\\src\\scenes\\global\\Topbar.jsx": {"path":"D:\\Kuliah\\KULIAH\\Semester 8\\Tugas Akhir\\Backend Kafe\\frontend_web_hotel_10683\\src\\scenes\\global\\Topbar.jsx","statementMap":{"0":{"start":{"line":7,"column":15},"end":{"line":27,"column":1}},"1":{"start":{"line":8,"column":16},"end":{"line":8,"column":26}},"2":{"start":{"line":9,"column":17},"end":{"line":9,"column":43}},"3":{"start":{"line":11,"column":2},"end":{"line":26,"column":4}}},"fnMap":{"0":{"name":"(anonymous_0)","decl":{"start":{"line":7,"column":15},"end":{"line":7,"column":16}},"loc":{"start":{"line":7,"column":21},"end":{"line":27,"column":1}},"line":7}},"branchMap":{},"s":{"0":0,"1":0,"2":0,"3":0},"f":{"0":0},"b":{}}
}
